{"content": {"suites": {"0": {"status": {"total_pass": 2, "total_skip": 0, "total_xpass": 0, "total_xfail": 0, "total_rerun": 0, "total_fail": 1, "total_error": 0}, "tests": {"0": {"status": "PASS", "message": "", "test_name": "test_log", "rerun": "0"}, "1": {"status": "FAIL", "message": "   selenium.common.exceptions.NoSuchElementException: Message: no such element: Unable to locate element: {\"method\":\"xpath\",\"selector\":\"(//button[normalize-space()='Talk to our Experts'])[1]\"}\n     (Session info: chrome=105.0.5195.102)\n", "test_name": "test_login", "rerun": "0"}, "2": {"status": "PASS", "message": "", "test_name": "test_log", "rerun": "0"}}, "suite_name": "test_deskhomepage.py"}, "1": {"suite_name": "test_examdetail.py", "tests": {"0": {"status": "FAIL", "message": "   selenium.common.exceptions.NoSuchElementException: Message: no such element: Unable to locate element: {\"method\":\"xpath\",\"selector\":\"//div[@class = 'setAlert setExamAlert'][1]\"}\n     (Session info: chrome=105.0.5195.102)\n", "test_name": "test_ctaexam", "rerun": "0"}, "1": {"status": "PASS", "message": "", "test_name": "test_log", "rerun": "0"}, "2": {"status": "PASS", "message": "", "test_name": "test_log", "rerun": "0"}}, "status": {"total_pass": 2, "total_skip": 0, "total_xpass": 0, "total_xfail": 0, "total_rerun": 0, "total_fail": 1, "total_error": 0}}}}, "date": "September 21, 2022", "start_time": 1663742835.1932337, "total_suite": 2, "status": "FAIL", "status_list": {"pass": "4", "fail": "2", "skip": "0", "error": "0", "xpass": "0", "xfail": "0", "rerun": "0"}, "total_tests": "6"}