{"content": {"suites": {"0": {"status": {"total_pass": 2, "total_skip": 0, "total_xpass": 0, "total_xfail": 0, "total_rerun": 0, "total_fail": 2, "total_error": 0}, "tests": {"0": {"status": "PASS", "message": "", "test_name": "test_career", "rerun": "0"}, "1": {"status": "PASS", "message": "", "test_name": "test_cta_homepage", "rerun": "0"}, "2": {"status": "FAIL", "message": "   selenium.common.exceptions.NoSuchElementException: Message: no such element: Unable to locate element: {\"method\":\"xpath\",\"selector\":\"//div[@class='ctaBox']//button[@class='button change-alert-text gtm-lead-click alert-button apply_now_det_cd gtm-lead-click django-button-config']\"}\n     (Session info: chrome=103.0.5060.114)\n", "test_name": "test_ctaexamdetail", "rerun": "0"}, "3": {"status": "FAIL", "message": "   selenium.common.exceptions.NoSuchElementException: Message: no such element: Unable to locate element: {\"method\":\"css selector\",\"selector\":\"[id=\"id_name_cta\"]\"}\n     (Session info: chrome=103.0.5060.114)\n", "test_name": "test_ctaexamlist", "rerun": "0"}}, "suite_name": "All_ctasuites.py"}}}, "date": "December 07, 2022", "start_time": 1670391881.0078251, "total_suite": 1, "status": "FAIL", "status_list": {"pass": "2", "fail": "2", "skip": "0", "error": "0", "xpass": "0", "xfail": "0", "rerun": "0"}, "total_tests": "4"}