{"content": {"suites": {"0": {"status": {"total_pass": 1, "total_skip": 0, "total_xpass": 0, "total_xfail": 0, "total_rerun": 0, "total_fail": 3, "total_error": 0}, "tests": {"0": {"status": "PASS", "message": "", "test_name": "test_career", "rerun": "0"}, "1": {"status": "FAIL", "message": "   TypeError: 'NoneType' object is not iterable\n", "test_name": "test_cta_homepage", "rerun": "0"}, "2": {"status": "FAIL", "message": "   selenium.common.exceptions.NoSuchWindowException: Message: no such window: target window already closed\n   from unknown error: web view not found\n     (Session info: chrome=106.0.5249.119)\n", "test_name": "test_ctaexamdetail", "rerun": "0"}, "3": {"status": "FAIL", "message": "   selenium.common.exceptions.WebDriverException: Message: unknown error: cannot determine loading status\n   from unknown error: cannot determine loading status\n   from target frame detached\n     (Session info: chrome=106.0.5249.119)\n", "test_name": "test_ctaexamlist", "rerun": "0"}}, "suite_name": "All_ctasuites.py"}}}, "date": "November 29, 2022", "start_time": 1669698737.9448657, "total_suite": 1, "status": "FAIL", "status_list": {"pass": "1", "fail": "3", "skip": "0", "error": "0", "xpass": "0", "xfail": "0", "rerun": "0"}, "total_tests": "4"}